<?xml version="1.0" encoding="UTF-8"?>
<!-- Generated by org.testng.reporters.JUnitReportReporter -->
<testsuite hostname="INBL01LAP30358" failures="0" tests="1" name="homePage.TC_HP_001" time="5.970" errors="0" timestamp="2022-11-23T13:18:04 IST" skipped="0">
  <testcase classname="homePage.TC_HP_001" name="CreateEightCharPasswordAndSave" time="5.970"/>
  <system-out>
    <![CDATA[944 and 5
Center Value of the Slider is : 27
Selected Length of password is : 8
Displayed Password : WD&2PJ4d
Vault Header Says Welcome, Devaraj Shirur, hence Login is Successfull
NetFlix
Facebook
Hotstar
RedBus
Instagram
Instagram]]>
  </system-out>
</testsuite> <!-- homePage.TC_HP_001 -->
