<?xml version="1.0" encoding="UTF-8"?>
<!-- Generated by org.testng.reporters.JUnitReportReporter -->
<testsuite hostname="INBL01LAP30358" failures="0" tests="1" name="homePage.TC_HP_002" time="5.037" errors="0" timestamp="2022-11-23T13:18:28 IST" skipped="0">
  <testcase classname="homePage.TC_HP_002" name="DeleteTheSavedPasswordFromVault" time="5.037"/>
  <system-out>
    <![CDATA[
After Deleting Remaining : 
NetFlix
Facebook
Hotstar
RedBus
Instagram]]>
  </system-out>
</testsuite> <!-- homePage.TC_HP_002 -->
